<?xml version="1.0" encoding="UTF-8"?>
<!-- Generated by org.testng.reporters.JUnitReportReporter -->
<testsuite skipped="0" hostname="DESKTOP-EC9INRR" name="com.crm.qa.testcases.LoginPageTest" tests="1" failures="0" timestamp="2021-01-11T18:06:14 EST" time="11.001" errors="0">
  <testcase name="loginPageTitleTest" time="11.001" classname="com.crm.qa.testcases.LoginPageTest"/>
  <system-out/>
</testsuite> <!-- com.crm.qa.testcases.LoginPageTest -->
